<?xml version="1.0" encoding="UTF-8"?>
<!-- Generated by org.testng.reporters.JUnitXMLReporter -->
<testsuite hostname="MSI" ignored="0" name="Free CRM App Test Cases" tests="15" failures="2" timestamp="04 May 2019 15:36:46 GMT" time="69.853" errors="0">
  <testcase name="Test1" time="0.009" classname="com.crm.qa.testcases.RetryLogicTest">
    <skipped/>
  </testcase> <!-- Test1 -->
  <testcase name="Test1" time="0.001" classname="com.crm.qa.testcases.RetryLogicTest">
    <skipped/>
  </testcase> <!-- Test1 -->
  <testcase name="Test1" time="0.001" classname="com.crm.qa.testcases.RetryLogicTest">
    <failure type="java.lang.AssertionError" message="expected [true] but found [false]">
      <![CDATA[java.lang.AssertionError: expected [true] but found [false]
	at com.crm.qa.testcases.RetryLogicTest.Test1(RetryLogicTest.java:10)
... Removed 31 stack frames]]>
    </failure>
  </testcase> <!-- Test1 -->
  <testcase name="Test2" time="0.001" classname="com.crm.qa.testcases.RetryLogicTest">
    <skipped/>
  </testcase> <!-- Test2 -->
  <testcase name="Test2" time="0.0" classname="com.crm.qa.testcases.RetryLogicTest">
    <skipped/>
  </testcase> <!-- Test2 -->
  <testcase name="Test2" time="0.001" classname="com.crm.qa.testcases.RetryLogicTest">
    <failure type="java.lang.AssertionError" message="expected [true] but found [false]">
      <![CDATA[java.lang.AssertionError: expected [true] but found [false]
	at com.crm.qa.testcases.RetryLogicTest.Test2(RetryLogicTest.java:15)
... Removed 31 stack frames]]>
    </failure>
  </testcase> <!-- Test2 -->
  <testcase name="Test3" time="0.001" classname="com.crm.qa.testcases.RetryLogicTest"/>
  <testcase name="validateLoginPage" time="0.057" classname="com.crm.qa.testcases.LoginPageTest"/>
  <testcase name="homePageSuccessTest" time="0.035" classname="com.crm.qa.testcases.HomePageTest"/>
  <testcase name="loginTest" time="0.794" classname="com.crm.qa.testcases.LoginPageTest"/>
  <testcase name="logoutTest" time="0.668" classname="com.crm.qa.testcases.HomePageTest"/>
  <testcase name="validateInvalidLogins" time="0.806" classname="com.crm.qa.testcases.LoginPageTest"/>
  <testcase name="validateInvalidLogins" time="0.816" classname="com.crm.qa.testcases.LoginPageTest"/>
  <testcase name="validateInvalidLogins" time="0.775" classname="com.crm.qa.testcases.LoginPageTest"/>
  <testcase name="validateInvalidLogins" time="0.784" classname="com.crm.qa.testcases.LoginPageTest"/>
</testsuite> <!-- Free CRM App Test Cases -->
