<!DOCTYPE html PUBLIC "-//W3C//DTD XHTML 1.1//EN" "http://www.w3.org/TR/xhtml11/DTD/xhtml11.dtd">
<html xmlns="http://www.w3.org/1999/xhtml"><head><title>TestNG Report</title><style type="text/css">table {margin-bottom:10px;border-collapse:collapse;empty-cells:show}th,td {border:1px solid #009;padding:.25em .5em}th {vertical-align:bottom}td {vertical-align:top}table a {font-weight:bold}.stripe td {background-color: #E6EBF9}.num {text-align:right}.passedodd td {background-color: #3F3}.passedeven td {background-color: #0A0}.skippedodd td {background-color: #DDD}.skippedeven td {background-color: #CCC}.failedodd td,.attn {background-color: #F33}.failedeven td,.stripe .attn {background-color: #D00}.stacktrace {white-space:pre;font-family:monospace}.totop {font-size:85%;text-align:center;border-bottom:2px solid #000}</style></head><body><table><tr><th>Test</th><th># Passed</th><th># Skipped</th><th># Failed</th><th>Time (ms)</th><th>Included Groups</th><th>Excluded Groups</th></tr><tr><th colspan="7">FREE CRM Application Test Automation Test Suite</th></tr><tr><td><a href="#t0">Free CRM App Test Cases</a></td><td class="num">8</td><td class="num attn">6</td><td class="num attn">2</td><td class="num">71,168</td><td></td><td></td></tr></table><table id='summary'><thead><tr><th>Class</th><th>Method</th><th>Start</th><th>Time (ms)</th></tr></thead><tbody><tr><th colspan="4">FREE CRM Application Test Automation Test Suite</th></tr></tbody><tbody id="t0"><tr><th colspan="4">Free CRM App Test Cases &#8212; failed</th></tr><tr class="failedeven"><td rowspan="2">com.crm.qa.testcases.RetryLogicTest</td><td><a href="#m0">Test1</a></td><td rowspan="1">1556983675971</td><td rowspan="1">1</td></tr><tr class="failedeven"><td><a href="#m1">Test2</a></td><td rowspan="1">1556983675984</td><td rowspan="1">1</td></tr><tr><th colspan="4">Free CRM App Test Cases &#8212; skipped</th></tr><tr class="skippedeven"><td rowspan="6">com.crm.qa.testcases.RetryLogicTest</td><td><a href="#m2">Test1</a></td><td rowspan="3">1556983675967</td><td rowspan="3">1</td></tr><tr class="skippedeven"><td><a href="#m3">Test1</a></td></tr><tr class="skippedeven"><td><a href="#m4">Test1</a></td></tr><tr class="skippedeven"><td><a href="#m5">Test2</a></td><td rowspan="3">1556983675977</td><td rowspan="3">1</td></tr><tr class="skippedeven"><td><a href="#m6">Test2</a></td></tr><tr class="skippedeven"><td><a href="#m7">Test2</a></td></tr><tr><th colspan="4">Free CRM App Test Cases &#8212; passed</th></tr><tr class="passedeven"><td rowspan="2">com.crm.qa.testcases.HomePageTest</td><td><a href="#m8">homePageSuccessTest</a></td><td rowspan="1">1556983693345</td><td rowspan="1">38</td></tr><tr class="passedeven"><td><a href="#m9">logoutTest</a></td><td rowspan="1">1556983710725</td><td rowspan="1">673</td></tr><tr class="passedodd"><td rowspan="6">com.crm.qa.testcases.LoginPageTest</td><td><a href="#m10">loginTest</a></td><td rowspan="1">1556983701223</td><td rowspan="1">847</td></tr><tr class="passedodd"><td><a href="#m11">validateInvalidLogins</a></td><td rowspan="4">1556983728480</td><td rowspan="4">836</td></tr><tr class="passedodd"><td><a href="#m12">validateInvalidLogins</a></td></tr><tr class="passedodd"><td><a href="#m13">validateInvalidLogins</a></td></tr><tr class="passedodd"><td><a href="#m14">validateInvalidLogins</a></td></tr><tr class="passedodd"><td><a href="#m15">validateLoginPage</a></td><td rowspan="1">1556983684060</td><td rowspan="1">62</td></tr></tbody></table><h2>Free CRM App Test Cases</h2><h3 id="m0">com.crm.qa.testcases.RetryLogicTest#Test1</h3><table class="result"><tr><th>Exception</th></tr><tr><td><div class="stacktrace">java.lang.AssertionError: expected [true] but found [false]
	at com.crm.qa.testcases.RetryLogicTest.Test1(RetryLogicTest.java:10)
... Removed 31 stack frames</div></td></tr></table><p class="totop"><a href="#summary">back to summary</a></p><h3 id="m1">com.crm.qa.testcases.RetryLogicTest#Test2</h3><table class="result"><tr><th>Exception</th></tr><tr><td><div class="stacktrace">java.lang.AssertionError: expected [true] but found [false]
	at com.crm.qa.testcases.RetryLogicTest.Test2(RetryLogicTest.java:15)
... Removed 31 stack frames</div></td></tr></table><p class="totop"><a href="#summary">back to summary</a></p><h3 id="m2">com.crm.qa.testcases.RetryLogicTest#Test1</h3><table class="result"><tr><th>Exception</th></tr><tr><td><div class="stacktrace">java.lang.AssertionError: expected [true] but found [false]
	at com.crm.qa.testcases.RetryLogicTest.Test1(RetryLogicTest.java:10)
... Removed 31 stack frames</div></td></tr></table><p class="totop"><a href="#summary">back to summary</a></p><h3 id="m3">com.crm.qa.testcases.RetryLogicTest#Test1</h3><table class="result"><tr><th>Exception</th></tr><tr><td><div class="stacktrace">java.lang.AssertionError: expected [true] but found [false]
	at com.crm.qa.testcases.RetryLogicTest.Test1(RetryLogicTest.java:10)
... Removed 31 stack frames</div></td></tr></table><p class="totop"><a href="#summary">back to summary</a></p><h3 id="m4">com.crm.qa.testcases.RetryLogicTest#Test1</h3><table class="result"><tr><th>Exception</th></tr><tr><td><div class="stacktrace">java.lang.AssertionError: expected [true] but found [false]
	at com.crm.qa.testcases.RetryLogicTest.Test1(RetryLogicTest.java:10)
... Removed 31 stack frames</div></td></tr></table><p class="totop"><a href="#summary">back to summary</a></p><h3 id="m5">com.crm.qa.testcases.RetryLogicTest#Test2</h3><table class="result"><tr><th>Exception</th></tr><tr><td><div class="stacktrace">java.lang.AssertionError: expected [true] but found [false]
	at com.crm.qa.testcases.RetryLogicTest.Test2(RetryLogicTest.java:15)
... Removed 31 stack frames</div></td></tr></table><p class="totop"><a href="#summary">back to summary</a></p><h3 id="m6">com.crm.qa.testcases.RetryLogicTest#Test2</h3><table class="result"><tr><th>Exception</th></tr><tr><td><div class="stacktrace">java.lang.AssertionError: expected [true] but found [false]
	at com.crm.qa.testcases.RetryLogicTest.Test2(RetryLogicTest.java:15)
... Removed 31 stack frames</div></td></tr></table><p class="totop"><a href="#summary">back to summary</a></p><h3 id="m7">com.crm.qa.testcases.RetryLogicTest#Test2</h3><table class="result"><tr><th>Exception</th></tr><tr><td><div class="stacktrace">java.lang.AssertionError: expected [true] but found [false]
	at com.crm.qa.testcases.RetryLogicTest.Test2(RetryLogicTest.java:15)
... Removed 31 stack frames</div></td></tr></table><p class="totop"><a href="#summary">back to summary</a></p><h3 id="m8">com.crm.qa.testcases.HomePageTest#homePageSuccessTest</h3><table class="result"></table><p class="totop"><a href="#summary">back to summary</a></p><h3 id="m9">com.crm.qa.testcases.HomePageTest#logoutTest</h3><table class="result"></table><p class="totop"><a href="#summary">back to summary</a></p><h3 id="m10">com.crm.qa.testcases.LoginPageTest#loginTest</h3><table class="result"></table><p class="totop"><a href="#summary">back to summary</a></p><h3 id="m11">com.crm.qa.testcases.LoginPageTest#validateInvalidLogins</h3><table class="result"><tr class="param"><th>Parameter #1</th><th>Parameter #2</th></tr><tr class="param stripe"><td>Suresh</td><td>ewqewqe</td></tr></table><p class="totop"><a href="#summary">back to summary</a></p><h3 id="m12">com.crm.qa.testcases.LoginPageTest#validateInvalidLogins</h3><table class="result"><tr class="param"><th>Parameter #1</th><th>Parameter #2</th></tr><tr class="param stripe"><td>Diana</td><td>porer</td></tr></table><p class="totop"><a href="#summary">back to summary</a></p><h3 id="m13">com.crm.qa.testcases.LoginPageTest#validateInvalidLogins</h3><table class="result"><tr class="param"><th>Parameter #1</th><th>Parameter #2</th></tr><tr class="param stripe"><td>nagesh</td><td>test</td></tr></table><p class="totop"><a href="#summary">back to summary</a></p><h3 id="m14">com.crm.qa.testcases.LoginPageTest#validateInvalidLogins</h3><table class="result"><tr class="param"><th>Parameter #1</th><th>Parameter #2</th></tr><tr class="param stripe"><td>Kamal</td><td>ginga</td></tr></table><p class="totop"><a href="#summary">back to summary</a></p><h3 id="m15">com.crm.qa.testcases.LoginPageTest#validateLoginPage</h3><table class="result"></table><p class="totop"><a href="#summary">back to summary</a></p></body></html>